  SpeechManager.cpp
D:\c语言项目\c语言_2023\基于STL的演讲比赛流程管理系统_11_4\SpeechManager.cpp(292,31): warning C4267: “=”: 从“size_t”转换到“int”，可能丢失数据
D:\vs\VC\Tools\MSVC\14.35.32215\include\numeric(34,26): warning C4244: “=”: 从“double”转换到“_Ty”，可能丢失数据
          with
          [
              _Ty=float
          ]
D:\vs\VC\Tools\MSVC\14.35.32215\include\numeric(41): message : 查看对正在编译的函数 模板 实例化“_Ty std::accumulate<_InIt,_Ty,std::plus<void>>(const _InIt,const _InIt,_Ty,_Fn)”的引用
          with
          [
              _Ty=float,
              _InIt=std::_Deque_iterator<std::_Deque_val<std::_Deque_simple_types<double>>>,
              _Fn=std::plus<void>
          ]
D:\c语言项目\c语言_2023\基于STL的演讲比赛流程管理系统_11_4\SpeechManager.cpp(172,50): message : 查看对正在编译的函数 模板 实例化“_Ty std::accumulate<std::_Deque_iterator<std::_Deque_val<std::_Deque_simple_types<double>>>,float>(const _InIt,const _InIt,_Ty)”的引用
          with
          [
              _Ty=float,
              _InIt=std::_Deque_iterator<std::_Deque_val<std::_Deque_simple_types<double>>>
          ]
x64\Debug\SpeechManager.obj : warning LNK4042: 对象被多次指定；已忽略多余的指定
  基于STL的演讲比赛流程管理系统_11_4.vcxproj -> D:\c语言项目\c语言_2023\基于STL的演讲比赛流程管理系统_11_4\x64\Debug\基于STL的演讲比赛流程管理系统_11_4.exe
